<?xml version="1.0" encoding="UTF-8"?>
<!-- Generated by org.testng.reporters.JUnitXMLReporter -->
<testsuite ignored="0" hostname="CIT-LP252" failures="0" tests="16" name="Search Scenarios" time="0.145" errors="0" timestamp="2024-09-03T17:42:40 IST">
  <testcase classname="com.base.BaseTest" name="@BeforeSuite setup" time="8.192">
    <failure type="com.microsoft.playwright.PlaywrightException" message="Error {
  message=&amp;apos;Target page, context or browser has been closed
  name=&amp;apos;TargetClosedError
  stack=&amp;apos;TargetClosedError:Target page, context or browser has been closed
Error
    at captureRawStack (C:\Users\raja.k\AppData\Local\Temp\playwright-java-12764914592009352481\package\lib\utils\stackTrace.js:50:17)
    at LongStandingScope._race (C:\Users\raja.k\AppData\Local\Temp\playwright-java-12764914592009352481\package\lib\utils\manualPromise.js:91:52)
    at LongStandingScope.race (C:\Users\raja.k\AppData\Local\Temp\playwright-java-12764914592009352481\package\lib\utils\manualPromise.js:84:17)
    at FrameDispatcher._handleCommand (C:\Users\raja.k\AppData\Local\Temp\playwright-java-12764914592009352481\package\lib\server\dispatchers\dispatcher.js:96:36)
    at DispatcherConnection.dispatch (C:\Users\raja.k\AppData\Local\Temp\playwright-java-12764914592009352481\package\lib\server\dispatchers\dispatcher.js:365:39)
}
Call log:
- navigating to &amp;quot;https://catqa.yourcloudlibrary.com/login&amp;quot;, waiting until &amp;quot;load&amp;quot;
">
      <![CDATA[com.microsoft.playwright.PlaywrightException: Error {
  message='Target page, context or browser has been closed
  name='TargetClosedError
  stack='TargetClosedError:Target page, context or browser has been closed
Error
    at captureRawStack (C:\Users\raja.k\AppData\Local\Temp\playwright-java-12764914592009352481\package\lib\utils\stackTrace.js:50:17)
    at LongStandingScope._race (C:\Users\raja.k\AppData\Local\Temp\playwright-java-12764914592009352481\package\lib\utils\manualPromise.js:91:52)
    at LongStandingScope.race (C:\Users\raja.k\AppData\Local\Temp\playwright-java-12764914592009352481\package\lib\utils\manualPromise.js:84:17)
    at FrameDispatcher._handleCommand (C:\Users\raja.k\AppData\Local\Temp\playwright-java-12764914592009352481\package\lib\server\dispatchers\dispatcher.js:96:36)
    at DispatcherConnection.dispatch (C:\Users\raja.k\AppData\Local\Temp\playwright-java-12764914592009352481\package\lib\server\dispatchers\dispatcher.js:365:39)
}
Call log:
- navigating to "https://catqa.yourcloudlibrary.com/login", waiting until "load"

at com.microsoft.playwright.impl.WaitableResult.get(WaitableResult.java:54)
at com.microsoft.playwright.impl.ChannelOwner.runUntil(ChannelOwner.java:120)
at com.microsoft.playwright.impl.Connection.sendMessage(Connection.java:130)
at com.microsoft.playwright.impl.ChannelOwner.sendMessage(ChannelOwner.java:106)
at com.microsoft.playwright.impl.FrameImpl.navigateImpl(FrameImpl.java:463)
at com.microsoft.playwright.impl.PageImpl.lambda$navigate$46(PageImpl.java:870)
at com.microsoft.playwright.impl.LoggingSupport.withLogging(LoggingSupport.java:47)
at com.microsoft.playwright.impl.ChannelOwner.withLogging(ChannelOwner.java:89)
at com.microsoft.playwright.impl.PageImpl.navigate(PageImpl.java:870)
at com.microsoft.playwright.impl.PageImpl.navigate(PageImpl.java:42)
at com.microsoft.playwright.Page.navigate(Page.java:5354)
at com.Factory.PlaywrightFactory.initBrowser(PlaywrightFactory.java:112)
at com.base.BaseTest.setup(BaseTest.java:55)
Caused by: com.microsoft.playwright.impl.TargetClosedError: Error {
  message='Target page, context or browser has been closed
  name='TargetClosedError
  stack='TargetClosedError:Target page, context or browser has been closed
Error
    at captureRawStack (C:\Users\raja.k\AppData\Local\Temp\playwright-java-12764914592009352481\package\lib\utils\stackTrace.js:50:17)
    at LongStandingScope._race (C:\Users\raja.k\AppData\Local\Temp\playwright-java-12764914592009352481\package\lib\utils\manualPromise.js:91:52)
    at LongStandingScope.race (C:\Users\raja.k\AppData\Local\Temp\playwright-java-12764914592009352481\package\lib\utils\manualPromise.js:84:17)
    at FrameDispatcher._handleCommand (C:\Users\raja.k\AppData\Local\Temp\playwright-java-12764914592009352481\package\lib\server\dispatchers\dispatcher.js:96:36)
    at DispatcherConnection.dispatch (C:\Users\raja.k\AppData\Local\Temp\playwright-java-12764914592009352481\package\lib\server\dispatchers\dispatcher.js:365:39)
}
Call log:
- navigating to "https://catqa.yourcloudlibrary.com/login", waiting until "load"

at com.microsoft.playwright.impl.Connection.dispatch(Connection.java:256)
at com.microsoft.playwright.impl.Connection.processOneMessage(Connection.java:211)
at com.microsoft.playwright.impl.ChannelOwner.runUntil(ChannelOwner.java:118)
... 30 more
... Removed 19 stack frames]]>
    </failure>
  </testcase> <!-- @BeforeSuite setup -->
  <testcase classname="com.base.BaseTest" name="@BeforeClass startReporter" time="0.0">
    <skipped/>
  </testcase> <!-- @BeforeClass startReporter -->
  <testcase classname="TestCases.Collection_AdvSearchTest" name="@BeforeClass setupBefore" time="0.0">
    <skipped/>
  </testcase> <!-- @BeforeClass setupBefore -->
  <testcase classname="com.base.BaseTest" name="@BeforeMethod setReport" time="0.0">
    <skipped/>
  </testcase> <!-- @BeforeMethod setReport -->
  <testcase classname="com.base.BaseTest" name="@AfterMethod addResult" time="0.0">
    <skipped/>
  </testcase> <!-- @AfterMethod addResult -->
  <testcase classname="com.base.BaseTest" name="@BeforeMethod setReport" time="0.0">
    <skipped/>
  </testcase> <!-- @BeforeMethod setReport -->
  <testcase classname="com.base.BaseTest" name="@AfterMethod addResult" time="0.0">
    <skipped/>
  </testcase> <!-- @AfterMethod addResult -->
  <testcase classname="com.base.BaseTest" name="@BeforeMethod setReport" time="0.0">
    <skipped/>
  </testcase> <!-- @BeforeMethod setReport -->
  <testcase classname="com.base.BaseTest" name="@AfterMethod addResult" time="0.0">
    <skipped/>
  </testcase> <!-- @AfterMethod addResult -->
  <testcase classname="com.base.BaseTest" name="@BeforeMethod setReport" time="0.0">
    <skipped/>
  </testcase> <!-- @BeforeMethod setReport -->
  <testcase classname="com.base.BaseTest" name="@AfterMethod addResult" time="0.0">
    <skipped/>
  </testcase> <!-- @AfterMethod addResult -->
  <testcase classname="com.base.BaseTest" name="@BeforeMethod setReport" time="0.0">
    <skipped/>
  </testcase> <!-- @BeforeMethod setReport -->
  <testcase classname="com.base.BaseTest" name="@AfterMethod addResult" time="0.0">
    <skipped/>
  </testcase> <!-- @AfterMethod addResult -->
  <testcase classname="com.base.BaseTest" name="@BeforeMethod setReport" time="0.0">
    <skipped/>
  </testcase> <!-- @BeforeMethod setReport -->
  <testcase classname="com.base.BaseTest" name="@AfterMethod addResult" time="0.0">
    <skipped/>
  </testcase> <!-- @AfterMethod addResult -->
  <testcase classname="com.base.BaseTest" name="@BeforeMethod setReport" time="0.0">
    <skipped/>
  </testcase> <!-- @BeforeMethod setReport -->
  <testcase classname="com.base.BaseTest" name="@AfterMethod addResult" time="0.0">
    <skipped/>
  </testcase> <!-- @AfterMethod addResult -->
  <testcase classname="com.base.BaseTest" name="@BeforeMethod setReport" time="0.0">
    <skipped/>
  </testcase> <!-- @BeforeMethod setReport -->
  <testcase classname="com.base.BaseTest" name="@AfterMethod addResult" time="0.0">
    <skipped/>
  </testcase> <!-- @AfterMethod addResult -->
  <testcase classname="com.base.BaseTest" name="@BeforeMethod setReport" time="0.0">
    <skipped/>
  </testcase> <!-- @BeforeMethod setReport -->
  <testcase classname="com.base.BaseTest" name="@AfterMethod addResult" time="0.0">
    <skipped/>
  </testcase> <!-- @AfterMethod addResult -->
  <testcase classname="com.base.BaseTest" name="@BeforeMethod setReport" time="0.0">
    <skipped/>
  </testcase> <!-- @BeforeMethod setReport -->
  <testcase classname="com.base.BaseTest" name="@AfterMethod addResult" time="0.0">
    <skipped/>
  </testcase> <!-- @AfterMethod addResult -->
  <testcase classname="com.base.BaseTest" name="@BeforeMethod setReport" time="0.0">
    <skipped/>
  </testcase> <!-- @BeforeMethod setReport -->
  <testcase classname="com.base.BaseTest" name="@AfterMethod addResult" time="0.0">
    <skipped/>
  </testcase> <!-- @AfterMethod addResult -->
  <testcase classname="com.base.BaseTest" name="@BeforeMethod setReport" time="0.0">
    <skipped/>
  </testcase> <!-- @BeforeMethod setReport -->
  <testcase classname="com.base.BaseTest" name="@AfterMethod addResult" time="0.0">
    <skipped/>
  </testcase> <!-- @AfterMethod addResult -->
  <testcase classname="com.base.BaseTest" name="@BeforeMethod setReport" time="0.0">
    <skipped/>
  </testcase> <!-- @BeforeMethod setReport -->
  <testcase classname="com.base.BaseTest" name="@AfterMethod addResult" time="0.0">
    <skipped/>
  </testcase> <!-- @AfterMethod addResult -->
  <testcase classname="com.base.BaseTest" name="@BeforeMethod setReport" time="0.0">
    <skipped/>
  </testcase> <!-- @BeforeMethod setReport -->
  <testcase classname="com.base.BaseTest" name="@AfterMethod addResult" time="0.0">
    <skipped/>
  </testcase> <!-- @AfterMethod addResult -->
  <testcase classname="com.base.BaseTest" name="@BeforeMethod setReport" time="0.0">
    <skipped/>
  </testcase> <!-- @BeforeMethod setReport -->
  <testcase classname="com.base.BaseTest" name="@AfterMethod addResult" time="0.0">
    <skipped/>
  </testcase> <!-- @AfterMethod addResult -->
  <testcase classname="com.base.BaseTest" name="@BeforeMethod setReport" time="0.0">
    <skipped/>
  </testcase> <!-- @BeforeMethod setReport -->
  <testcase classname="com.base.BaseTest" name="@AfterMethod addResult" time="0.0">
    <skipped/>
  </testcase> <!-- @AfterMethod addResult -->
  <testcase classname="TestCases.Collection_AdvSearchTest" name="VerifyColAudience" time="0.0">
    <skipped/>
  </testcase> <!-- VerifyColAudience -->
  <testcase classname="TestCases.Collection_AdvSearchTest" name="VerifyColAuthor" time="0.0">
    <skipped/>
  </testcase> <!-- VerifyColAuthor -->
  <testcase classname="TestCases.Collection_AdvSearchTest" name="VerifyColCategoryAndSubject" time="0.0">
    <skipped/>
  </testcase> <!-- VerifyColCategoryAndSubject -->
  <testcase classname="TestCases.Collection_AdvSearchTest" name="VerifyColContentProvider" time="0.0">
    <skipped/>
  </testcase> <!-- VerifyColContentProvider -->
  <testcase classname="TestCases.Collection_AdvSearchTest" name="VerifyColDateAddedToCAT" time="0.0">
    <skipped/>
  </testcase> <!-- VerifyColDateAddedToCAT -->
  <testcase classname="TestCases.Collection_AdvSearchTest" name="VerifyColDatePurchased" time="0.0">
    <skipped/>
  </testcase> <!-- VerifyColDatePurchased -->
  <testcase classname="TestCases.Collection_AdvSearchTest" name="VerifyColFormat" time="0.0">
    <skipped/>
  </testcase> <!-- VerifyColFormat -->
  <testcase classname="TestCases.Collection_AdvSearchTest" name="VerifyColHoldRatio" time="0.0">
    <skipped/>
  </testcase> <!-- VerifyColHoldRatio -->
  <testcase classname="TestCases.Collection_AdvSearchTest" name="VerifyColLanguage" time="0.0">
    <skipped/>
  </testcase> <!-- VerifyColLanguage -->
  <testcase classname="TestCases.Collection_AdvSearchTest" name="VerifyColNarrator" time="0.001">
    <skipped/>
  </testcase> <!-- VerifyColNarrator -->
  <testcase classname="TestCases.Collection_AdvSearchTest" name="VerifyColPPUTitles" time="0.0">
    <skipped/>
  </testcase> <!-- VerifyColPPUTitles -->
  <testcase classname="TestCases.Collection_AdvSearchTest" name="VerifyColPricing" time="0.0">
    <skipped/>
  </testcase> <!-- VerifyColPricing -->
  <testcase classname="TestCases.Collection_AdvSearchTest" name="VerifyColPublishedWithin" time="0.0">
    <skipped/>
  </testcase> <!-- VerifyColPublishedWithin -->
  <testcase classname="TestCases.Collection_AdvSearchTest" name="VerifyColPublisher" time="0.0">
    <skipped/>
  </testcase> <!-- VerifyColPublisher -->
  <testcase classname="TestCases.Collection_AdvSearchTest" name="VerifyColSeries" time="0.0">
    <skipped/>
  </testcase> <!-- VerifyColSeries -->
  <testcase classname="TestCases.Collection_AdvSearchTest" name="VerifyColTitle" time="0.0">
    <skipped/>
  </testcase> <!-- VerifyColTitle -->
</testsuite> <!-- Search Scenarios -->
