<?xml version="1.0" encoding="UTF-8"?>
<testng-results ignored="0" total="1" passed="0" failed="0" skipped="1">
  <reporter-output>
  </reporter-output>
  <suite started-at="2024-11-19T00:43:56 IST" name="Default suite" finished-at="2024-11-19T00:43:59 IST" duration-ms="3645">
    <groups>
    </groups>
    <test started-at="2024-11-19T00:43:56 IST" name="Default test" finished-at="2024-11-19T00:43:59 IST" duration-ms="3645">
      <class name="Reports_CAT.ReportsTest">
        <test-method is-config="true" signature="setup()[pri:0, instance:Reports_CAT.ReportsTest@2767e23c]" started-at="2024-11-19T00:43:56 IST" name="setup" finished-at="2024-11-19T00:43:59 IST" duration-ms="3592" status="FAIL">
          <exception class="com.microsoft.playwright.PlaywrightException">
            <message>
              <![CDATA[Error {
  message='url: expected string, got undefined
  name='Error
  stack='Error: url: expected string, got undefined
    at tString (C:\Users\raja.k\AppData\Local\Temp\playwright-java-15084175266023432641\package\lib\protocol\validatorPrimitives.js:58:9)
    at C:\Users\raja.k\AppData\Local\Temp\playwright-java-15084175266023432641\package\lib\protocol\validatorPrimitives.js:107:21
    at DispatcherConnection.dispatch (C:\Users\raja.k\AppData\Local\Temp\playwright-java-15084175266023432641\package\lib\server\dispatchers\dispatcher.js:285:21)
    at transport.onmessage (C:\Users\raja.k\AppData\Local\Temp\playwright-java-15084175266023432641\package\lib\cli\driver.js:52:57)
    at Immediate._onImmediate (C:\Users\raja.k\AppData\Local\Temp\playwright-java-15084175266023432641\package\lib\protocol\transport.js:77:34)
    at process.processImmediate (node:internal/timers:478:21)
}]]>
            </message>
            <full-stacktrace>
              <![CDATA[com.microsoft.playwright.PlaywrightException: Error {
  message='url: expected string, got undefined
  name='Error
  stack='Error: url: expected string, got undefined
    at tString (C:\Users\raja.k\AppData\Local\Temp\playwright-java-15084175266023432641\package\lib\protocol\validatorPrimitives.js:58:9)
    at C:\Users\raja.k\AppData\Local\Temp\playwright-java-15084175266023432641\package\lib\protocol\validatorPrimitives.js:107:21
    at DispatcherConnection.dispatch (C:\Users\raja.k\AppData\Local\Temp\playwright-java-15084175266023432641\package\lib\server\dispatchers\dispatcher.js:285:21)
    at transport.onmessage (C:\Users\raja.k\AppData\Local\Temp\playwright-java-15084175266023432641\package\lib\cli\driver.js:52:57)
    at Immediate._onImmediate (C:\Users\raja.k\AppData\Local\Temp\playwright-java-15084175266023432641\package\lib\protocol\transport.js:77:34)
    at process.processImmediate (node:internal/timers:478:21)
}
at com.microsoft.playwright.impl.WaitableResult.get(WaitableResult.java:54)
at com.microsoft.playwright.impl.ChannelOwner.runUntil(ChannelOwner.java:120)
at com.microsoft.playwright.impl.Connection.sendMessage(Connection.java:130)
at com.microsoft.playwright.impl.ChannelOwner.sendMessage(ChannelOwner.java:106)
at com.microsoft.playwright.impl.FrameImpl.navigateImpl(FrameImpl.java:463)
at com.microsoft.playwright.impl.PageImpl.lambda$navigate$46(PageImpl.java:870)
at com.microsoft.playwright.impl.LoggingSupport.withLogging(LoggingSupport.java:47)
at com.microsoft.playwright.impl.ChannelOwner.withLogging(ChannelOwner.java:89)
at com.microsoft.playwright.impl.PageImpl.navigate(PageImpl.java:870)
at com.microsoft.playwright.impl.PageImpl.navigate(PageImpl.java:42)
at com.microsoft.playwright.Page.navigate(Page.java:5354)
at com.Factory.PlaywrightFactory.initBrowser2(PlaywrightFactory.java:159)
at com.base.BaseTest3.setup(BaseTest3.java:59)
at java.base/jdk.internal.reflect.NativeMethodAccessorImpl.invoke0(Native Method)
at java.base/jdk.internal.reflect.NativeMethodAccessorImpl.invoke(NativeMethodAccessorImpl.java:77)
at java.base/jdk.internal.reflect.DelegatingMethodAccessorImpl.invoke(DelegatingMethodAccessorImpl.java:43)
at java.base/java.lang.reflect.Method.invoke(Method.java:568)
at org.testng.internal.invokers.MethodInvocationHelper.invokeMethod(MethodInvocationHelper.java:141)
at org.testng.internal.invokers.MethodInvocationHelper.invokeMethodConsideringTimeout(MethodInvocationHelper.java:71)
at org.testng.internal.invokers.ConfigInvoker.invokeConfigurationMethod(ConfigInvoker.java:400)
at org.testng.internal.invokers.ConfigInvoker.invokeConfigurations(ConfigInvoker.java:333)
at org.testng.internal.invokers.TestMethodWorker.invokeBeforeClassMethods(TestMethodWorker.java:188)
at org.testng.internal.invokers.TestMethodWorker.run(TestMethodWorker.java:128)
at java.base/java.util.ArrayList.forEach(ArrayList.java:1511)
at org.testng.TestRunner.privateRun(TestRunner.java:739)
at org.testng.TestRunner.run(TestRunner.java:614)
at org.testng.SuiteRunner.runTest(SuiteRunner.java:421)
at org.testng.SuiteRunner.runSequentially(SuiteRunner.java:413)
at org.testng.SuiteRunner.privateRun(SuiteRunner.java:373)
at org.testng.SuiteRunner.run(SuiteRunner.java:312)
at org.testng.SuiteRunnerWorker.runSuite(SuiteRunnerWorker.java:52)
at org.testng.SuiteRunnerWorker.run(SuiteRunnerWorker.java:95)
at org.testng.TestNG.runSuitesSequentially(TestNG.java:1274)
at org.testng.TestNG.runSuitesLocally(TestNG.java:1208)
at org.testng.TestNG.runSuites(TestNG.java:1112)
at org.testng.TestNG.run(TestNG.java:1079)
at org.testng.remote.AbstractRemoteTestNG.run(AbstractRemoteTestNG.java:115)
at org.testng.remote.RemoteTestNG.initAndRun(RemoteTestNG.java:293)
at org.testng.remote.RemoteTestNG.main(RemoteTestNG.java:91)
Caused by: com.microsoft.playwright.impl.DriverException: Error {
  message='url: expected string, got undefined
  name='Error
  stack='Error: url: expected string, got undefined
    at tString (C:\Users\raja.k\AppData\Local\Temp\playwright-java-15084175266023432641\package\lib\protocol\validatorPrimitives.js:58:9)
    at C:\Users\raja.k\AppData\Local\Temp\playwright-java-15084175266023432641\package\lib\protocol\validatorPrimitives.js:107:21
    at DispatcherConnection.dispatch (C:\Users\raja.k\AppData\Local\Temp\playwright-java-15084175266023432641\package\lib\server\dispatchers\dispatcher.js:285:21)
    at transport.onmessage (C:\Users\raja.k\AppData\Local\Temp\playwright-java-15084175266023432641\package\lib\cli\driver.js:52:57)
    at Immediate._onImmediate (C:\Users\raja.k\AppData\Local\Temp\playwright-java-15084175266023432641\package\lib\protocol\transport.js:77:34)
    at process.processImmediate (node:internal/timers:478:21)
}
at com.microsoft.playwright.impl.Connection.dispatch(Connection.java:259)
at com.microsoft.playwright.impl.Connection.processOneMessage(Connection.java:211)
at com.microsoft.playwright.impl.ChannelOwner.runUntil(ChannelOwner.java:118)
... 37 more
]]>
            </full-stacktrace>
          </exception> <!-- com.microsoft.playwright.PlaywrightException -->
          <reporter-output>
          </reporter-output>
        </test-method> <!-- setup -->
        <test-method is-config="true" signature="setupBefore()[pri:0, instance:Reports_CAT.ReportsTest@2767e23c]" started-at="2024-11-19T00:43:59 IST" name="setupBefore" finished-at="2024-11-19T00:43:59 IST" duration-ms="0" status="SKIP">
          <reporter-output>
          </reporter-output>
        </test-method> <!-- setupBefore -->
        <test-method is-config="true" signature="setReport(org.testng.ITestResult)[pri:0, instance:Reports_CAT.ReportsTest@2767e23c]" started-at="2024-11-19T00:43:59 IST" name="setReport" finished-at="2024-11-19T00:43:59 IST" duration-ms="0" status="SKIP">
          <reporter-output>
          </reporter-output>
        </test-method> <!-- setReport -->
        <test-method signature="verifyCreateNewCart()[pri:1, instance:Reports_CAT.ReportsTest@2767e23c]" started-at="2024-11-19T00:43:59 IST" name="verifyCreateNewCart" finished-at="2024-11-19T00:43:59 IST" duration-ms="0" status="SKIP">
          <exception class="com.microsoft.playwright.PlaywrightException">
            <message>
              <![CDATA[Error {
  message='url: expected string, got undefined
  name='Error
  stack='Error: url: expected string, got undefined
    at tString (C:\Users\raja.k\AppData\Local\Temp\playwright-java-15084175266023432641\package\lib\protocol\validatorPrimitives.js:58:9)
    at C:\Users\raja.k\AppData\Local\Temp\playwright-java-15084175266023432641\package\lib\protocol\validatorPrimitives.js:107:21
    at DispatcherConnection.dispatch (C:\Users\raja.k\AppData\Local\Temp\playwright-java-15084175266023432641\package\lib\server\dispatchers\dispatcher.js:285:21)
    at transport.onmessage (C:\Users\raja.k\AppData\Local\Temp\playwright-java-15084175266023432641\package\lib\cli\driver.js:52:57)
    at Immediate._onImmediate (C:\Users\raja.k\AppData\Local\Temp\playwright-java-15084175266023432641\package\lib\protocol\transport.js:77:34)
    at process.processImmediate (node:internal/timers:478:21)
}]]>
            </message>
            <full-stacktrace>
              <![CDATA[com.microsoft.playwright.PlaywrightException: Error {
  message='url: expected string, got undefined
  name='Error
  stack='Error: url: expected string, got undefined
    at tString (C:\Users\raja.k\AppData\Local\Temp\playwright-java-15084175266023432641\package\lib\protocol\validatorPrimitives.js:58:9)
    at C:\Users\raja.k\AppData\Local\Temp\playwright-java-15084175266023432641\package\lib\protocol\validatorPrimitives.js:107:21
    at DispatcherConnection.dispatch (C:\Users\raja.k\AppData\Local\Temp\playwright-java-15084175266023432641\package\lib\server\dispatchers\dispatcher.js:285:21)
    at transport.onmessage (C:\Users\raja.k\AppData\Local\Temp\playwright-java-15084175266023432641\package\lib\cli\driver.js:52:57)
    at Immediate._onImmediate (C:\Users\raja.k\AppData\Local\Temp\playwright-java-15084175266023432641\package\lib\protocol\transport.js:77:34)
    at process.processImmediate (node:internal/timers:478:21)
}
at com.microsoft.playwright.impl.WaitableResult.get(WaitableResult.java:54)
at com.microsoft.playwright.impl.ChannelOwner.runUntil(ChannelOwner.java:120)
at com.microsoft.playwright.impl.Connection.sendMessage(Connection.java:130)
at com.microsoft.playwright.impl.ChannelOwner.sendMessage(ChannelOwner.java:106)
at com.microsoft.playwright.impl.FrameImpl.navigateImpl(FrameImpl.java:463)
at com.microsoft.playwright.impl.PageImpl.lambda$navigate$46(PageImpl.java:870)
at com.microsoft.playwright.impl.LoggingSupport.withLogging(LoggingSupport.java:47)
at com.microsoft.playwright.impl.ChannelOwner.withLogging(ChannelOwner.java:89)
at com.microsoft.playwright.impl.PageImpl.navigate(PageImpl.java:870)
at com.microsoft.playwright.impl.PageImpl.navigate(PageImpl.java:42)
at com.microsoft.playwright.Page.navigate(Page.java:5354)
at com.Factory.PlaywrightFactory.initBrowser2(PlaywrightFactory.java:159)
at com.base.BaseTest3.setup(BaseTest3.java:59)
at java.base/jdk.internal.reflect.NativeMethodAccessorImpl.invoke0(Native Method)
at java.base/jdk.internal.reflect.NativeMethodAccessorImpl.invoke(NativeMethodAccessorImpl.java:77)
at java.base/jdk.internal.reflect.DelegatingMethodAccessorImpl.invoke(DelegatingMethodAccessorImpl.java:43)
at java.base/java.lang.reflect.Method.invoke(Method.java:568)
at org.testng.internal.invokers.MethodInvocationHelper.invokeMethod(MethodInvocationHelper.java:141)
at org.testng.internal.invokers.MethodInvocationHelper.invokeMethodConsideringTimeout(MethodInvocationHelper.java:71)
at org.testng.internal.invokers.ConfigInvoker.invokeConfigurationMethod(ConfigInvoker.java:400)
at org.testng.internal.invokers.ConfigInvoker.invokeConfigurations(ConfigInvoker.java:333)
at org.testng.internal.invokers.TestMethodWorker.invokeBeforeClassMethods(TestMethodWorker.java:188)
at org.testng.internal.invokers.TestMethodWorker.run(TestMethodWorker.java:128)
at java.base/java.util.ArrayList.forEach(ArrayList.java:1511)
at org.testng.TestRunner.privateRun(TestRunner.java:739)
at org.testng.TestRunner.run(TestRunner.java:614)
at org.testng.SuiteRunner.runTest(SuiteRunner.java:421)
at org.testng.SuiteRunner.runSequentially(SuiteRunner.java:413)
at org.testng.SuiteRunner.privateRun(SuiteRunner.java:373)
at org.testng.SuiteRunner.run(SuiteRunner.java:312)
at org.testng.SuiteRunnerWorker.runSuite(SuiteRunnerWorker.java:52)
at org.testng.SuiteRunnerWorker.run(SuiteRunnerWorker.java:95)
at org.testng.TestNG.runSuitesSequentially(TestNG.java:1274)
at org.testng.TestNG.runSuitesLocally(TestNG.java:1208)
at org.testng.TestNG.runSuites(TestNG.java:1112)
at org.testng.TestNG.run(TestNG.java:1079)
at org.testng.remote.AbstractRemoteTestNG.run(AbstractRemoteTestNG.java:115)
at org.testng.remote.RemoteTestNG.initAndRun(RemoteTestNG.java:293)
at org.testng.remote.RemoteTestNG.main(RemoteTestNG.java:91)
Caused by: com.microsoft.playwright.impl.DriverException: Error {
  message='url: expected string, got undefined
  name='Error
  stack='Error: url: expected string, got undefined
    at tString (C:\Users\raja.k\AppData\Local\Temp\playwright-java-15084175266023432641\package\lib\protocol\validatorPrimitives.js:58:9)
    at C:\Users\raja.k\AppData\Local\Temp\playwright-java-15084175266023432641\package\lib\protocol\validatorPrimitives.js:107:21
    at DispatcherConnection.dispatch (C:\Users\raja.k\AppData\Local\Temp\playwright-java-15084175266023432641\package\lib\server\dispatchers\dispatcher.js:285:21)
    at transport.onmessage (C:\Users\raja.k\AppData\Local\Temp\playwright-java-15084175266023432641\package\lib\cli\driver.js:52:57)
    at Immediate._onImmediate (C:\Users\raja.k\AppData\Local\Temp\playwright-java-15084175266023432641\package\lib\protocol\transport.js:77:34)
    at process.processImmediate (node:internal/timers:478:21)
}
at com.microsoft.playwright.impl.Connection.dispatch(Connection.java:259)
at com.microsoft.playwright.impl.Connection.processOneMessage(Connection.java:211)
at com.microsoft.playwright.impl.ChannelOwner.runUntil(ChannelOwner.java:118)
... 37 more
]]>
            </full-stacktrace>
          </exception> <!-- com.microsoft.playwright.PlaywrightException -->
          <reporter-output>
          </reporter-output>
        </test-method> <!-- verifyCreateNewCart -->
        <test-method is-config="true" signature="addResult(org.testng.ITestResult)[pri:0, instance:Reports_CAT.ReportsTest@2767e23c]" started-at="2024-11-19T00:43:59 IST" name="addResult" finished-at="2024-11-19T00:43:59 IST" duration-ms="0" status="SKIP">
          <reporter-output>
          </reporter-output>
        </test-method> <!-- addResult -->
        <test-method is-config="true" signature="closeBrowser()[pri:0, instance:Reports_CAT.ReportsTest@2767e23c]" started-at="2024-11-19T00:43:59 IST" name="closeBrowser" finished-at="2024-11-19T00:43:59 IST" duration-ms="0" status="SKIP">
          <reporter-output>
          </reporter-output>
        </test-method> <!-- closeBrowser -->
        <test-method is-config="true" signature="afterSuiteMethod()[pri:0, instance:Reports_CAT.ReportsTest@2767e23c]" started-at="2024-11-19T00:44:00 IST" name="afterSuiteMethod" finished-at="2024-11-19T00:44:00 IST" duration-ms="0" status="SKIP">
          <reporter-output>
          </reporter-output>
        </test-method> <!-- afterSuiteMethod -->
      </class> <!-- Reports_CAT.ReportsTest -->
    </test> <!-- Default test -->
  </suite> <!-- Default suite -->
</testng-results>
