<?xml version="1.0" encoding="UTF-8"?>
<!-- Generated by org.testng.reporters.JUnitXMLReporter -->
<testsuite ignored="15" hostname="CIT-LP252" failures="0" tests="1" name="Default test" time="5.162" errors="0" timestamp="2024-11-06T18:57:31 IST">
  <testcase classname="com.base.BaseTest" name="@BeforeClass setup" time="5.103">
    <failure type="com.microsoft.playwright.PlaywrightException" message="Error {
  message=&amp;apos;net::ERR_ABORTED; maybe frame was detached?
  name=&amp;apos;Error
  stack=&amp;apos;Error: net::ERR_ABORTED; maybe frame was detached?
    at FrameManager.frameAbortedNavigation (C:\Users\raja.k\AppData\Local\Temp\playwright-java-8051698273843588973\package\lib\server\frames.js:216:14)
    at FrameManager.requestFailed (C:\Users\raja.k\AppData\Local\Temp\playwright-java-8051698273843588973\package\lib\server\frames.js:276:12)
    at CRNetworkManager._onLoadingFailed (C:\Users\raja.k\AppData\Local\Temp\playwright-java-8051698273843588973\package\lib\server\chromium\crNetworkManager.js:466:134)
    at CRSession.emit (node:events:518:28)
    at C:\Users\raja.k\AppData\Local\Temp\playwright-java-8051698273843588973\package\lib\server\chromium\crConnection.js:160:14
}
Call log:
- navigating to &amp;quot;https://catqa.yourcloudlibrary.com/login&amp;quot;, waiting until &amp;quot;load&amp;quot;
">
      <![CDATA[com.microsoft.playwright.PlaywrightException: Error {
  message='net::ERR_ABORTED; maybe frame was detached?
  name='Error
  stack='Error: net::ERR_ABORTED; maybe frame was detached?
    at FrameManager.frameAbortedNavigation (C:\Users\raja.k\AppData\Local\Temp\playwright-java-8051698273843588973\package\lib\server\frames.js:216:14)
    at FrameManager.requestFailed (C:\Users\raja.k\AppData\Local\Temp\playwright-java-8051698273843588973\package\lib\server\frames.js:276:12)
    at CRNetworkManager._onLoadingFailed (C:\Users\raja.k\AppData\Local\Temp\playwright-java-8051698273843588973\package\lib\server\chromium\crNetworkManager.js:466:134)
    at CRSession.emit (node:events:518:28)
    at C:\Users\raja.k\AppData\Local\Temp\playwright-java-8051698273843588973\package\lib\server\chromium\crConnection.js:160:14
}
Call log:
- navigating to "https://catqa.yourcloudlibrary.com/login", waiting until "load"

at com.microsoft.playwright.impl.WaitableResult.get(WaitableResult.java:54)
at com.microsoft.playwright.impl.ChannelOwner.runUntil(ChannelOwner.java:120)
at com.microsoft.playwright.impl.Connection.sendMessage(Connection.java:130)
at com.microsoft.playwright.impl.ChannelOwner.sendMessage(ChannelOwner.java:106)
at com.microsoft.playwright.impl.FrameImpl.navigateImpl(FrameImpl.java:463)
at com.microsoft.playwright.impl.PageImpl.lambda$navigate$46(PageImpl.java:870)
at com.microsoft.playwright.impl.LoggingSupport.withLogging(LoggingSupport.java:47)
at com.microsoft.playwright.impl.ChannelOwner.withLogging(ChannelOwner.java:89)
at com.microsoft.playwright.impl.PageImpl.navigate(PageImpl.java:870)
at com.microsoft.playwright.impl.PageImpl.navigate(PageImpl.java:42)
at com.microsoft.playwright.Page.navigate(Page.java:5354)
at com.Factory.PlaywrightFactory.initBrowser(PlaywrightFactory.java:109)
at com.base.BaseTest.setup(BaseTest.java:54)
at java.base/jdk.internal.reflect.NativeMethodAccessorImpl.invoke0(Native Method)
at java.base/jdk.internal.reflect.NativeMethodAccessorImpl.invoke(NativeMethodAccessorImpl.java:77)
at java.base/jdk.internal.reflect.DelegatingMethodAccessorImpl.invoke(DelegatingMethodAccessorImpl.java:43)
at java.base/java.lang.reflect.Method.invoke(Method.java:568)
at org.testng.internal.invokers.MethodInvocationHelper.invokeMethod(MethodInvocationHelper.java:141)
at org.testng.internal.invokers.MethodInvocationHelper.invokeMethodConsideringTimeout(MethodInvocationHelper.java:71)
at org.testng.internal.invokers.ConfigInvoker.invokeConfigurationMethod(ConfigInvoker.java:400)
at org.testng.internal.invokers.ConfigInvoker.invokeConfigurations(ConfigInvoker.java:333)
at org.testng.internal.invokers.TestMethodWorker.invokeBeforeClassMethods(TestMethodWorker.java:188)
at org.testng.internal.invokers.TestMethodWorker.run(TestMethodWorker.java:128)
at java.base/java.util.ArrayList.forEach(ArrayList.java:1511)
at org.testng.TestRunner.privateRun(TestRunner.java:739)
at org.testng.TestRunner.run(TestRunner.java:614)
at org.testng.SuiteRunner.runTest(SuiteRunner.java:421)
at org.testng.SuiteRunner.runSequentially(SuiteRunner.java:413)
at org.testng.SuiteRunner.privateRun(SuiteRunner.java:373)
at org.testng.SuiteRunner.run(SuiteRunner.java:312)
at org.testng.SuiteRunnerWorker.runSuite(SuiteRunnerWorker.java:52)
at org.testng.SuiteRunnerWorker.run(SuiteRunnerWorker.java:95)
at org.testng.TestNG.runSuitesSequentially(TestNG.java:1274)
at org.testng.TestNG.runSuitesLocally(TestNG.java:1208)
at org.testng.TestNG.runSuites(TestNG.java:1112)
at org.testng.TestNG.run(TestNG.java:1079)
at org.testng.remote.AbstractRemoteTestNG.run(AbstractRemoteTestNG.java:115)
at org.testng.remote.RemoteTestNG.initAndRun(RemoteTestNG.java:293)
at org.testng.remote.RemoteTestNG.main(RemoteTestNG.java:91)
Caused by: com.microsoft.playwright.impl.DriverException: Error {
  message='net::ERR_ABORTED; maybe frame was detached?
  name='Error
  stack='Error: net::ERR_ABORTED; maybe frame was detached?
    at FrameManager.frameAbortedNavigation (C:\Users\raja.k\AppData\Local\Temp\playwright-java-8051698273843588973\package\lib\server\frames.js:216:14)
    at FrameManager.requestFailed (C:\Users\raja.k\AppData\Local\Temp\playwright-java-8051698273843588973\package\lib\server\frames.js:276:12)
    at CRNetworkManager._onLoadingFailed (C:\Users\raja.k\AppData\Local\Temp\playwright-java-8051698273843588973\package\lib\server\chromium\crNetworkManager.js:466:134)
    at CRSession.emit (node:events:518:28)
    at C:\Users\raja.k\AppData\Local\Temp\playwright-java-8051698273843588973\package\lib\server\chromium\crConnection.js:160:14
}
Call log:
- navigating to "https://catqa.yourcloudlibrary.com/login", waiting until "load"

at com.microsoft.playwright.impl.Connection.dispatch(Connection.java:259)
at com.microsoft.playwright.impl.Connection.processOneMessage(Connection.java:211)
at com.microsoft.playwright.impl.ChannelOwner.runUntil(ChannelOwner.java:118)
... 37 more
]]>
    </failure>
  </testcase> <!-- @BeforeClass setup -->
  <testcase classname="TestCases.Collection_AdvSearchTest" name="@BeforeClass setupBefore" time="0.0">
    <skipped/>
  </testcase> <!-- @BeforeClass setupBefore -->
  <testcase classname="com.base.BaseTest" name="@BeforeMethod setReport" time="0.0">
    <skipped/>
  </testcase> <!-- @BeforeMethod setReport -->
  <testcase classname="com.base.BaseTest" name="@AfterMethod addResult" time="0.0">
    <skipped/>
  </testcase> <!-- @AfterMethod addResult -->
  <testcase classname="com.base.BaseTest" name="@AfterClass closeBrowser" time="0.0">
    <skipped/>
  </testcase> <!-- @AfterClass closeBrowser -->
  <testcase classname="TestCases.Collection_AdvSearchTest" name="VerifyColTitle" time="0.0">
    <skipped/>
  </testcase> <!-- VerifyColTitle -->
  <testcase classname="TestCases.Collection_AdvSearchTest" name="VerifyColHoldRatio" time="0.0">
    <ignored/>
  </testcase> <!-- VerifyColHoldRatio -->
  <testcase classname="TestCases.Collection_AdvSearchTest" name="VerifyColLanguage" time="0.0">
    <ignored/>
  </testcase> <!-- VerifyColLanguage -->
  <testcase classname="TestCases.Collection_AdvSearchTest" name="VerifyColAuthor" time="0.0">
    <ignored/>
  </testcase> <!-- VerifyColAuthor -->
  <testcase classname="TestCases.Collection_AdvSearchTest" name="VerifyColPPUTitles" time="0.0">
    <ignored/>
  </testcase> <!-- VerifyColPPUTitles -->
  <testcase classname="TestCases.Collection_AdvSearchTest" name="VerifyColDateAddedToCAT" time="0.0">
    <ignored/>
  </testcase> <!-- VerifyColDateAddedToCAT -->
  <testcase classname="TestCases.Collection_AdvSearchTest" name="VerifyColPublisher" time="0.0">
    <ignored/>
  </testcase> <!-- VerifyColPublisher -->
  <testcase classname="TestCases.Collection_AdvSearchTest" name="VerifyColContentProvider" time="0.0">
    <ignored/>
  </testcase> <!-- VerifyColContentProvider -->
  <testcase classname="TestCases.Collection_AdvSearchTest" name="VerifyColAudience" time="0.0">
    <ignored/>
  </testcase> <!-- VerifyColAudience -->
  <testcase classname="TestCases.Collection_AdvSearchTest" name="VerifyColPublishedWithin" time="0.0">
    <ignored/>
  </testcase> <!-- VerifyColPublishedWithin -->
  <testcase classname="TestCases.Collection_AdvSearchTest" name="VerifyColPricing" time="0.0">
    <ignored/>
  </testcase> <!-- VerifyColPricing -->
  <testcase classname="TestCases.Collection_AdvSearchTest" name="VerifyColDatePurchased" time="0.0">
    <ignored/>
  </testcase> <!-- VerifyColDatePurchased -->
  <testcase classname="TestCases.Collection_AdvSearchTest" name="VerifyColSeries" time="0.0">
    <ignored/>
  </testcase> <!-- VerifyColSeries -->
  <testcase classname="TestCases.Collection_AdvSearchTest" name="VerifyColCategoryAndSubject" time="0.0">
    <ignored/>
  </testcase> <!-- VerifyColCategoryAndSubject -->
  <testcase classname="TestCases.Collection_AdvSearchTest" name="VerifyColFormat" time="0.0">
    <ignored/>
  </testcase> <!-- VerifyColFormat -->
  <testcase classname="TestCases.Collection_AdvSearchTest" name="VerifyColNarrator" time="0.0">
    <ignored/>
  </testcase> <!-- VerifyColNarrator -->
</testsuite> <!-- Default test -->
