<?xml version="1.0" encoding="UTF-8"?>
<!-- Generated by org.testng.reporters.JUnitReportReporter -->
<testsuite hostname="CIT-LP252" failures="0" tests="17" name="TestCases.Collection_AdvSearchTest" time="8.193" errors="1" timestamp="2024-09-03T17:42:41 IST" skipped="16">
  <testcase classname="TestCases.Collection_AdvSearchTest" name="VerifyColContentProvider" time="0.000">
    <skipped/>
  </testcase> <!-- VerifyColContentProvider -->
  <testcase classname="TestCases.Collection_AdvSearchTest" name="VerifyColTitle" time="0.000">
    <skipped/>
  </testcase> <!-- VerifyColTitle -->
  <testcase classname="TestCases.Collection_AdvSearchTest" name="VerifyColNarrator" time="0.001">
    <skipped/>
  </testcase> <!-- VerifyColNarrator -->
  <testcase classname="TestCases.Collection_AdvSearchTest" name="VerifyColAudience" time="0.000">
    <skipped/>
  </testcase> <!-- VerifyColAudience -->
  <testcase classname="TestCases.Collection_AdvSearchTest" name="VerifyColDatePurchased" time="0.000">
    <skipped/>
  </testcase> <!-- VerifyColDatePurchased -->
  <testcase classname="TestCases.Collection_AdvSearchTest" name="VerifyColFormat" time="0.000">
    <skipped/>
  </testcase> <!-- VerifyColFormat -->
  <testcase classname="TestCases.Collection_AdvSearchTest" name="VerifyColLanguage" time="0.000">
    <skipped/>
  </testcase> <!-- VerifyColLanguage -->
  <testcase classname="TestCases.Collection_AdvSearchTest" name="VerifyColPPUTitles" time="0.000">
    <skipped/>
  </testcase> <!-- VerifyColPPUTitles -->
  <testcase classname="TestCases.Collection_AdvSearchTest" name="VerifyColPublishedWithin" time="0.000">
    <skipped/>
  </testcase> <!-- VerifyColPublishedWithin -->
  <testcase classname="TestCases.Collection_AdvSearchTest" name="VerifyColPublisher" time="0.000">
    <skipped/>
  </testcase> <!-- VerifyColPublisher -->
  <testcase classname="TestCases.Collection_AdvSearchTest" name="VerifyColPricing" time="0.000">
    <skipped/>
  </testcase> <!-- VerifyColPricing -->
  <testcase classname="TestCases.Collection_AdvSearchTest" name="setup" time="8.192">
    <error message="Error {
  message=&#039;Target page, context or browser has been closed
  name=&#039;TargetClosedError
  stack=&#039;TargetClosedError:Target page, context or browser has been closed
Error
    at captureRawStack (C:\Users\raja.k\AppData\Local\Temp\playwright-java-12764914592009352481\package\lib\utils\stackTrace.js:50:17)
    at LongStandingScope._race (C:\Users\raja.k\AppData\Local\Temp\playwright-java-12764914592009352481\package\lib\utils\manualPromise.js:91:52)
    at LongStandingScope.race (C:\Users\raja.k\AppData\Local\Temp\playwright-java-12764914592009352481\package\lib\utils\manualPromise.js:84:17)
    at FrameDispatcher._handleCommand (C:\Users\raja.k\AppData\Local\Temp\playwright-java-12764914592009352481\package\lib\server\dispatchers\dispatcher.js:96:36)
    at DispatcherConnection.dispatch (C:\Users\raja.k\AppData\Local\Temp\playwright-java-12764914592009352481\package\lib\server\dispatchers\dispatcher.js:365:39)
}
Call log:
- navigating to &quot;https://catqa.yourcloudlibrary.com/login&quot;, waiting until &quot;load&quot;
" type="com.microsoft.playwright.PlaywrightException">
      <![CDATA[com.microsoft.playwright.PlaywrightException: Error {
  message='Target page, context or browser has been closed
  name='TargetClosedError
  stack='TargetClosedError:Target page, context or browser has been closed
Error
    at captureRawStack (C:\Users\raja.k\AppData\Local\Temp\playwright-java-12764914592009352481\package\lib\utils\stackTrace.js:50:17)
    at LongStandingScope._race (C:\Users\raja.k\AppData\Local\Temp\playwright-java-12764914592009352481\package\lib\utils\manualPromise.js:91:52)
    at LongStandingScope.race (C:\Users\raja.k\AppData\Local\Temp\playwright-java-12764914592009352481\package\lib\utils\manualPromise.js:84:17)
    at FrameDispatcher._handleCommand (C:\Users\raja.k\AppData\Local\Temp\playwright-java-12764914592009352481\package\lib\server\dispatchers\dispatcher.js:96:36)
    at DispatcherConnection.dispatch (C:\Users\raja.k\AppData\Local\Temp\playwright-java-12764914592009352481\package\lib\server\dispatchers\dispatcher.js:365:39)
}
Call log:
- navigating to "https://catqa.yourcloudlibrary.com/login", waiting until "load"

at com.microsoft.playwright.impl.WaitableResult.get(WaitableResult.java:54)
at com.microsoft.playwright.impl.ChannelOwner.runUntil(ChannelOwner.java:120)
at com.microsoft.playwright.impl.Connection.sendMessage(Connection.java:130)
at com.microsoft.playwright.impl.ChannelOwner.sendMessage(ChannelOwner.java:106)
at com.microsoft.playwright.impl.FrameImpl.navigateImpl(FrameImpl.java:463)
at com.microsoft.playwright.impl.PageImpl.lambda$navigate$46(PageImpl.java:870)
at com.microsoft.playwright.impl.LoggingSupport.withLogging(LoggingSupport.java:47)
at com.microsoft.playwright.impl.ChannelOwner.withLogging(ChannelOwner.java:89)
at com.microsoft.playwright.impl.PageImpl.navigate(PageImpl.java:870)
at com.microsoft.playwright.impl.PageImpl.navigate(PageImpl.java:42)
at com.microsoft.playwright.Page.navigate(Page.java:5354)
at com.Factory.PlaywrightFactory.initBrowser(PlaywrightFactory.java:112)
at com.base.BaseTest.setup(BaseTest.java:55)
at java.base/jdk.internal.reflect.NativeMethodAccessorImpl.invoke0(Native Method)
at java.base/jdk.internal.reflect.NativeMethodAccessorImpl.invoke(NativeMethodAccessorImpl.java:77)
at java.base/jdk.internal.reflect.DelegatingMethodAccessorImpl.invoke(DelegatingMethodAccessorImpl.java:43)
at java.base/java.lang.reflect.Method.invoke(Method.java:568)
at org.testng.internal.invokers.MethodInvocationHelper.invokeMethod(MethodInvocationHelper.java:141)
at org.testng.internal.invokers.MethodInvocationHelper.invokeMethodConsideringTimeout(MethodInvocationHelper.java:71)
at org.testng.internal.invokers.ConfigInvoker.invokeConfigurationMethod(ConfigInvoker.java:400)
at org.testng.internal.invokers.ConfigInvoker.invokeConfigurations(ConfigInvoker.java:333)
at org.testng.SuiteRunner.privateRun(SuiteRunner.java:358)
at org.testng.SuiteRunner.run(SuiteRunner.java:312)
at org.testng.SuiteRunnerWorker.runSuite(SuiteRunnerWorker.java:52)
at org.testng.SuiteRunnerWorker.run(SuiteRunnerWorker.java:95)
at org.testng.TestNG.runSuitesSequentially(TestNG.java:1274)
at org.testng.TestNG.runSuitesLocally(TestNG.java:1208)
at org.testng.TestNG.runSuites(TestNG.java:1112)
at org.testng.TestNG.run(TestNG.java:1079)
at org.testng.remote.AbstractRemoteTestNG.run(AbstractRemoteTestNG.java:115)
at org.testng.remote.RemoteTestNG.initAndRun(RemoteTestNG.java:293)
at org.testng.remote.RemoteTestNG.main(RemoteTestNG.java:91)
Caused by: com.microsoft.playwright.impl.TargetClosedError: Error {
  message='Target page, context or browser has been closed
  name='TargetClosedError
  stack='TargetClosedError:Target page, context or browser has been closed
Error
    at captureRawStack (C:\Users\raja.k\AppData\Local\Temp\playwright-java-12764914592009352481\package\lib\utils\stackTrace.js:50:17)
    at LongStandingScope._race (C:\Users\raja.k\AppData\Local\Temp\playwright-java-12764914592009352481\package\lib\utils\manualPromise.js:91:52)
    at LongStandingScope.race (C:\Users\raja.k\AppData\Local\Temp\playwright-java-12764914592009352481\package\lib\utils\manualPromise.js:84:17)
    at FrameDispatcher._handleCommand (C:\Users\raja.k\AppData\Local\Temp\playwright-java-12764914592009352481\package\lib\server\dispatchers\dispatcher.js:96:36)
    at DispatcherConnection.dispatch (C:\Users\raja.k\AppData\Local\Temp\playwright-java-12764914592009352481\package\lib\server\dispatchers\dispatcher.js:365:39)
}
Call log:
- navigating to "https://catqa.yourcloudlibrary.com/login", waiting until "load"

at com.microsoft.playwright.impl.Connection.dispatch(Connection.java:256)
at com.microsoft.playwright.impl.Connection.processOneMessage(Connection.java:211)
at com.microsoft.playwright.impl.ChannelOwner.runUntil(ChannelOwner.java:118)
... 30 more
]]>
    </error>
  </testcase> <!-- setup -->
  <testcase classname="TestCases.Collection_AdvSearchTest" name="VerifyColHoldRatio" time="0.000">
    <skipped/>
  </testcase> <!-- VerifyColHoldRatio -->
  <testcase classname="TestCases.Collection_AdvSearchTest" name="VerifyColCategoryAndSubject" time="0.000">
    <skipped/>
  </testcase> <!-- VerifyColCategoryAndSubject -->
  <testcase classname="TestCases.Collection_AdvSearchTest" name="VerifyColDateAddedToCAT" time="0.000">
    <skipped/>
  </testcase> <!-- VerifyColDateAddedToCAT -->
  <testcase classname="TestCases.Collection_AdvSearchTest" name="VerifyColSeries" time="0.000">
    <skipped/>
  </testcase> <!-- VerifyColSeries -->
  <testcase classname="TestCases.Collection_AdvSearchTest" name="VerifyColAuthor" time="0.000">
    <skipped/>
  </testcase> <!-- VerifyColAuthor -->
</testsuite> <!-- TestCases.Collection_AdvSearchTest -->
