<?xml version="1.0" encoding="UTF-8"?>
<!-- Generated by org.testng.reporters.JUnitReportReporter -->
<testsuite hostname="CIT-LP252" failures="0" tests="2" name="com.test.Spotlight_Test" time="7.063" errors="1" timestamp="2024-04-25T18:10:51 IST" skipped="1">
  <testcase classname="com.test.Spotlight_Test" name="setup" time="7.063">
    <error message="Error {
  message=&#039;Page closed
=========================== logs ===========================
navigating to &quot;https://catqa.yourcloudlibrary.com/login&quot;, waiting until &quot;load&quot;
============================================================
  name=&#039;Error
  stack=&#039;Error: Page closed
=========================== logs ===========================
navigating to &quot;https://catqa.yourcloudlibrary.com/login&quot;, waiting until &quot;load&quot;
============================================================
    at LongStandingScope._race (C:\Users\raja.k\AppData\Local\Temp\playwright-java-2784251998230198553\package\lib\utils\manualPromise.js:96:51)
    at LongStandingScope.race (C:\Users\raja.k\AppData\Local\Temp\playwright-java-2784251998230198553\package\lib\utils\manualPromise.js:87:17)
    at C:\Users\raja.k\AppData\Local\Temp\playwright-java-2784251998230198553\package\lib\utils\manualPromise.js:84:43
    at Array.map (&lt;anonymous&gt;)
    at LongStandingScope.raceMultiple (C:\Users\raja.k\AppData\Local\Temp\playwright-java-2784251998230198553\package\lib\utils\manualPromise.js:84:32)
    at Frame.raceNavigationAction (C:\Users\raja.k\AppData\Local\Temp\playwright-java-2784251998230198553\package\lib\server\frames.js:491:37)
    at Frame._goto (C:\Users\raja.k\AppData\Local\Temp\playwright-java-2784251998230198553\package\lib\server\frames.js:519:17)
    at C:\Users\raja.k\AppData\Local\Temp\playwright-java-2784251998230198553\package\lib\server\frames.js:516:44
    at ProgressController.run (C:\Users\raja.k\AppData\Local\Temp\playwright-java-2784251998230198553\package\lib\server\progress.js:91:23)
    at Frame.goto (C:\Users\raja.k\AppData\Local\Temp\playwright-java-2784251998230198553\package\lib\server\frames.js:516:23)
}" type="com.microsoft.playwright.PlaywrightException">
      <![CDATA[com.microsoft.playwright.PlaywrightException: Error {
  message='Page closed
=========================== logs ===========================
navigating to "https://catqa.yourcloudlibrary.com/login", waiting until "load"
============================================================
  name='Error
  stack='Error: Page closed
=========================== logs ===========================
navigating to "https://catqa.yourcloudlibrary.com/login", waiting until "load"
============================================================
    at LongStandingScope._race (C:\Users\raja.k\AppData\Local\Temp\playwright-java-2784251998230198553\package\lib\utils\manualPromise.js:96:51)
    at LongStandingScope.race (C:\Users\raja.k\AppData\Local\Temp\playwright-java-2784251998230198553\package\lib\utils\manualPromise.js:87:17)
    at C:\Users\raja.k\AppData\Local\Temp\playwright-java-2784251998230198553\package\lib\utils\manualPromise.js:84:43
    at Array.map (<anonymous>)
    at LongStandingScope.raceMultiple (C:\Users\raja.k\AppData\Local\Temp\playwright-java-2784251998230198553\package\lib\utils\manualPromise.js:84:32)
    at Frame.raceNavigationAction (C:\Users\raja.k\AppData\Local\Temp\playwright-java-2784251998230198553\package\lib\server\frames.js:491:37)
    at Frame._goto (C:\Users\raja.k\AppData\Local\Temp\playwright-java-2784251998230198553\package\lib\server\frames.js:519:17)
    at C:\Users\raja.k\AppData\Local\Temp\playwright-java-2784251998230198553\package\lib\server\frames.js:516:44
    at ProgressController.run (C:\Users\raja.k\AppData\Local\Temp\playwright-java-2784251998230198553\package\lib\server\progress.js:91:23)
    at Frame.goto (C:\Users\raja.k\AppData\Local\Temp\playwright-java-2784251998230198553\package\lib\server\frames.js:516:23)
}
at com.microsoft.playwright.impl.WaitableResult.get(WaitableResult.java:54)
at com.microsoft.playwright.impl.ChannelOwner.runUntil(ChannelOwner.java:111)
at com.microsoft.playwright.impl.Connection.sendMessage(Connection.java:126)
at com.microsoft.playwright.impl.ChannelOwner.sendMessage(ChannelOwner.java:102)
at com.microsoft.playwright.impl.FrameImpl.navigateImpl(FrameImpl.java:463)
at com.microsoft.playwright.impl.PageImpl.lambda$navigate$45(PageImpl.java:836)
at com.microsoft.playwright.impl.LoggingSupport.withLogging(LoggingSupport.java:47)
at com.microsoft.playwright.impl.ChannelOwner.withLogging(ChannelOwner.java:87)
at com.microsoft.playwright.impl.PageImpl.navigate(PageImpl.java:836)
at com.microsoft.playwright.impl.PageImpl.navigate(PageImpl.java:42)
at com.microsoft.playwright.Page.navigate(Page.java:5282)
at com.Factory.PlaywrightFactory.initBrowser(PlaywrightFactory.java:102)
at com.base.BaseTest.setup(BaseTest.java:75)
at java.base/jdk.internal.reflect.NativeMethodAccessorImpl.invoke0(Native Method)
at java.base/jdk.internal.reflect.NativeMethodAccessorImpl.invoke(NativeMethodAccessorImpl.java:77)
at java.base/jdk.internal.reflect.DelegatingMethodAccessorImpl.invoke(DelegatingMethodAccessorImpl.java:43)
at java.base/java.lang.reflect.Method.invoke(Method.java:568)
at org.testng.internal.MethodInvocationHelper.invokeMethod(MethodInvocationHelper.java:133)
at org.testng.internal.MethodInvocationHelper.invokeMethodConsideringTimeout(MethodInvocationHelper.java:62)
at org.testng.internal.ConfigInvoker.invokeConfigurationMethod(ConfigInvoker.java:385)
at org.testng.internal.ConfigInvoker.invokeConfigurations(ConfigInvoker.java:321)
at org.testng.SuiteRunner.privateRun(SuiteRunner.java:317)
at org.testng.SuiteRunner.run(SuiteRunner.java:276)
at org.testng.SuiteRunnerWorker.runSuite(SuiteRunnerWorker.java:53)
at org.testng.SuiteRunnerWorker.run(SuiteRunnerWorker.java:96)
at org.testng.TestNG.runSuitesSequentially(TestNG.java:1212)
at org.testng.TestNG.runSuitesLocally(TestNG.java:1134)
at org.testng.TestNG.runSuites(TestNG.java:1063)
at org.testng.TestNG.run(TestNG.java:1031)
at org.testng.remote.AbstractRemoteTestNG.run(AbstractRemoteTestNG.java:115)
at org.testng.remote.RemoteTestNG.initAndRun(RemoteTestNG.java:251)
at org.testng.remote.RemoteTestNG.main(RemoteTestNG.java:77)
Caused by: com.microsoft.playwright.impl.DriverException: Error {
  message='Page closed
=========================== logs ===========================
navigating to "https://catqa.yourcloudlibrary.com/login", waiting until "load"
============================================================
  name='Error
  stack='Error: Page closed
=========================== logs ===========================
navigating to "https://catqa.yourcloudlibrary.com/login", waiting until "load"
============================================================
    at LongStandingScope._race (C:\Users\raja.k\AppData\Local\Temp\playwright-java-2784251998230198553\package\lib\utils\manualPromise.js:96:51)
    at LongStandingScope.race (C:\Users\raja.k\AppData\Local\Temp\playwright-java-2784251998230198553\package\lib\utils\manualPromise.js:87:17)
    at C:\Users\raja.k\AppData\Local\Temp\playwright-java-2784251998230198553\package\lib\utils\manualPromise.js:84:43
    at Array.map (<anonymous>)
    at LongStandingScope.raceMultiple (C:\Users\raja.k\AppData\Local\Temp\playwright-java-2784251998230198553\package\lib\utils\manualPromise.js:84:32)
    at Frame.raceNavigationAction (C:\Users\raja.k\AppData\Local\Temp\playwright-java-2784251998230198553\package\lib\server\frames.js:491:37)
    at Frame._goto (C:\Users\raja.k\AppData\Local\Temp\playwright-java-2784251998230198553\package\lib\server\frames.js:519:17)
    at C:\Users\raja.k\AppData\Local\Temp\playwright-java-2784251998230198553\package\lib\server\frames.js:516:44
    at ProgressController.run (C:\Users\raja.k\AppData\Local\Temp\playwright-java-2784251998230198553\package\lib\server\progress.js:91:23)
    at Frame.goto (C:\Users\raja.k\AppData\Local\Temp\playwright-java-2784251998230198553\package\lib\server\frames.js:516:23)
}
at com.microsoft.playwright.impl.Connection.dispatch(Connection.java:226)
at com.microsoft.playwright.impl.Connection.processOneMessage(Connection.java:206)
at com.microsoft.playwright.impl.ChannelOwner.runUntil(ChannelOwner.java:109)
... 30 more
]]>
    </error>
  </testcase> <!-- setup -->
  <system-out/>
  <testcase classname="com.test.Spotlight_Test" name="validateSpotlight" time="0.000">
    <skipped/>
  </testcase> <!-- validateSpotlight -->
  <system-out/>
</testsuite> <!-- com.test.Spotlight_Test -->
