<?xml version="1.0" encoding="UTF-8"?>
<!-- Generated by org.testng.reporters.JUnitXMLReporter -->
<testsuite ignored="0" hostname="CIT-LP252" failures="0" tests="12" name="Test" time="0.081" errors="0" timestamp="2024-07-18T18:49:43 IST">
  <testcase classname="com.base.BaseTest" name="@BeforeSuite setup" time="7.351">
    <failure type="com.microsoft.playwright.PlaywrightException" message="Error {
  message=&amp;apos;net::ERR_ABORTED; maybe frame was detached?
  name=&amp;apos;Error
  stack=&amp;apos;Error: net::ERR_ABORTED; maybe frame was detached?
    at FrameManager.frameAbortedNavigation (C:\Users\raja.k\AppData\Local\Temp\playwright-java-5449108850305312166\package\lib\server\frames.js:216:14)
    at FrameManager.requestFailed (C:\Users\raja.k\AppData\Local\Temp\playwright-java-5449108850305312166\package\lib\server\frames.js:276:12)
    at CRNetworkManager._onLoadingFailed (C:\Users\raja.k\AppData\Local\Temp\playwright-java-5449108850305312166\package\lib\server\chromium\crNetworkManager.js:466:134)
    at CRSession.emit (node:events:518:28)
    at C:\Users\raja.k\AppData\Local\Temp\playwright-java-5449108850305312166\package\lib\server\chromium\crConnection.js:160:14
    at runNextTicks (node:internal/process/task_queues:60:5)
    at process.processImmediate (node:internal/timers:449:9)
}
Call log:
- navigating to &amp;quot;https://catqa.yourcloudlibrary.com/login&amp;quot;, waiting until &amp;quot;load&amp;quot;
">
      <![CDATA[com.microsoft.playwright.PlaywrightException: Error {
  message='net::ERR_ABORTED; maybe frame was detached?
  name='Error
  stack='Error: net::ERR_ABORTED; maybe frame was detached?
    at FrameManager.frameAbortedNavigation (C:\Users\raja.k\AppData\Local\Temp\playwright-java-5449108850305312166\package\lib\server\frames.js:216:14)
    at FrameManager.requestFailed (C:\Users\raja.k\AppData\Local\Temp\playwright-java-5449108850305312166\package\lib\server\frames.js:276:12)
    at CRNetworkManager._onLoadingFailed (C:\Users\raja.k\AppData\Local\Temp\playwright-java-5449108850305312166\package\lib\server\chromium\crNetworkManager.js:466:134)
    at CRSession.emit (node:events:518:28)
    at C:\Users\raja.k\AppData\Local\Temp\playwright-java-5449108850305312166\package\lib\server\chromium\crConnection.js:160:14
    at runNextTicks (node:internal/process/task_queues:60:5)
    at process.processImmediate (node:internal/timers:449:9)
}
Call log:
- navigating to "https://catqa.yourcloudlibrary.com/login", waiting until "load"

at com.microsoft.playwright.impl.WaitableResult.get(WaitableResult.java:54)
at com.microsoft.playwright.impl.ChannelOwner.runUntil(ChannelOwner.java:120)
at com.microsoft.playwright.impl.Connection.sendMessage(Connection.java:130)
at com.microsoft.playwright.impl.ChannelOwner.sendMessage(ChannelOwner.java:106)
at com.microsoft.playwright.impl.FrameImpl.navigateImpl(FrameImpl.java:463)
at com.microsoft.playwright.impl.PageImpl.lambda$navigate$46(PageImpl.java:870)
at com.microsoft.playwright.impl.LoggingSupport.withLogging(LoggingSupport.java:47)
at com.microsoft.playwright.impl.ChannelOwner.withLogging(ChannelOwner.java:89)
at com.microsoft.playwright.impl.PageImpl.navigate(PageImpl.java:870)
at com.microsoft.playwright.impl.PageImpl.navigate(PageImpl.java:42)
at com.microsoft.playwright.Page.navigate(Page.java:5354)
at com.Factory.PlaywrightFactory.initBrowser(PlaywrightFactory.java:107)
at com.base.BaseTest.setup(BaseTest.java:55)
Caused by: com.microsoft.playwright.impl.DriverException: Error {
  message='net::ERR_ABORTED; maybe frame was detached?
  name='Error
  stack='Error: net::ERR_ABORTED; maybe frame was detached?
    at FrameManager.frameAbortedNavigation (C:\Users\raja.k\AppData\Local\Temp\playwright-java-5449108850305312166\package\lib\server\frames.js:216:14)
    at FrameManager.requestFailed (C:\Users\raja.k\AppData\Local\Temp\playwright-java-5449108850305312166\package\lib\server\frames.js:276:12)
    at CRNetworkManager._onLoadingFailed (C:\Users\raja.k\AppData\Local\Temp\playwright-java-5449108850305312166\package\lib\server\chromium\crNetworkManager.js:466:134)
    at CRSession.emit (node:events:518:28)
    at C:\Users\raja.k\AppData\Local\Temp\playwright-java-5449108850305312166\package\lib\server\chromium\crConnection.js:160:14
    at runNextTicks (node:internal/process/task_queues:60:5)
    at process.processImmediate (node:internal/timers:449:9)
}
Call log:
- navigating to "https://catqa.yourcloudlibrary.com/login", waiting until "load"

at com.microsoft.playwright.impl.Connection.dispatch(Connection.java:259)
at com.microsoft.playwright.impl.Connection.processOneMessage(Connection.java:211)
at com.microsoft.playwright.impl.ChannelOwner.runUntil(ChannelOwner.java:118)
... 30 more
... Removed 19 stack frames]]>
    </failure>
  </testcase> <!-- @BeforeSuite setup -->
  <testcase classname="com.base.BaseTest" name="@BeforeClass startReporter" time="-1.721308783089E9">
    <skipped/>
  </testcase> <!-- @BeforeClass startReporter -->
  <testcase classname="com.test.Search_Test" name="@BeforeClass setupBefore" time="-1.72130878309E9">
    <skipped/>
  </testcase> <!-- @BeforeClass setupBefore -->
  <testcase classname="com.base.BaseTest" name="@BeforeMethod setReport" time="-1.721308783099E9">
    <skipped/>
  </testcase> <!-- @BeforeMethod setReport -->
  <testcase classname="com.base.BaseTest" name="@AfterMethod addResult" time="-1.721308783105E9">
    <skipped/>
  </testcase> <!-- @AfterMethod addResult -->
  <testcase classname="com.base.BaseTest" name="@BeforeMethod setReport" time="-1.721308783106E9">
    <skipped/>
  </testcase> <!-- @BeforeMethod setReport -->
  <testcase classname="com.base.BaseTest" name="@AfterMethod addResult" time="-1.721308783108E9">
    <skipped/>
  </testcase> <!-- @AfterMethod addResult -->
  <testcase classname="com.base.BaseTest" name="@BeforeMethod setReport" time="-1.721308783109E9">
    <skipped/>
  </testcase> <!-- @BeforeMethod setReport -->
  <testcase classname="com.base.BaseTest" name="@AfterMethod addResult" time="-1.72130878311E9">
    <skipped/>
  </testcase> <!-- @AfterMethod addResult -->
  <testcase classname="com.base.BaseTest" name="@BeforeMethod setReport" time="-1.721308783111E9">
    <skipped/>
  </testcase> <!-- @BeforeMethod setReport -->
  <testcase classname="com.base.BaseTest" name="@AfterMethod addResult" time="-1.721308783112E9">
    <skipped/>
  </testcase> <!-- @AfterMethod addResult -->
  <testcase classname="com.base.BaseTest" name="@BeforeMethod setReport" time="-1.721308783113E9">
    <skipped/>
  </testcase> <!-- @BeforeMethod setReport -->
  <testcase classname="com.base.BaseTest" name="@AfterMethod addResult" time="-1.721308783114E9">
    <skipped/>
  </testcase> <!-- @AfterMethod addResult -->
  <testcase classname="com.base.BaseTest" name="@BeforeMethod setReport" time="-1.721308783115E9">
    <skipped/>
  </testcase> <!-- @BeforeMethod setReport -->
  <testcase classname="com.base.BaseTest" name="@AfterMethod addResult" time="-1.721308783117E9">
    <skipped/>
  </testcase> <!-- @AfterMethod addResult -->
  <testcase classname="com.base.BaseTest" name="@BeforeMethod setReport" time="-1.721308783117E9">
    <skipped/>
  </testcase> <!-- @BeforeMethod setReport -->
  <testcase classname="com.base.BaseTest" name="@AfterMethod addResult" time="-1.72130878312E9">
    <skipped/>
  </testcase> <!-- @AfterMethod addResult -->
  <testcase classname="com.base.BaseTest" name="@BeforeMethod setReport" time="-1.721308783121E9">
    <skipped/>
  </testcase> <!-- @BeforeMethod setReport -->
  <testcase classname="com.base.BaseTest" name="@AfterMethod addResult" time="-1.721308783123E9">
    <skipped/>
  </testcase> <!-- @AfterMethod addResult -->
  <testcase classname="com.base.BaseTest" name="@BeforeMethod setReport" time="-1.721308783123E9">
    <skipped/>
  </testcase> <!-- @BeforeMethod setReport -->
  <testcase classname="com.base.BaseTest" name="@AfterMethod addResult" time="-1.721308783126E9">
    <skipped/>
  </testcase> <!-- @AfterMethod addResult -->
  <testcase classname="com.base.BaseTest" name="@BeforeMethod setReport" time="-1.721308783126E9">
    <skipped/>
  </testcase> <!-- @BeforeMethod setReport -->
  <testcase classname="com.base.BaseTest" name="@AfterMethod addResult" time="-1.721308783128E9">
    <skipped/>
  </testcase> <!-- @AfterMethod addResult -->
  <testcase classname="com.base.BaseTest" name="@BeforeMethod setReport" time="-1.721308783128E9">
    <skipped/>
  </testcase> <!-- @BeforeMethod setReport -->
  <testcase classname="com.base.BaseTest" name="@AfterMethod addResult" time="-1.721308783132E9">
    <skipped/>
  </testcase> <!-- @AfterMethod addResult -->
  <testcase classname="com.base.BaseTest" name="@BeforeMethod setReport" time="-1.721308783134E9">
    <skipped/>
  </testcase> <!-- @BeforeMethod setReport -->
  <testcase classname="com.base.BaseTest" name="@AfterMethod addResult" time="-1.72130878314E9">
    <skipped/>
  </testcase> <!-- @AfterMethod addResult -->
  <testcase classname="com.test.Search_Test" name="VerifyAuthorSearch" time="0.0">
    <skipped/>
  </testcase> <!-- VerifyAuthorSearch -->
  <testcase classname="com.test.Search_Test" name="VerifyNarratorSearch" time="0.0">
    <skipped/>
  </testcase> <!-- VerifyNarratorSearch -->
  <testcase classname="com.test.Search_Test" name="VerifyQuickSearchByAuthor" time="0.0">
    <skipped/>
  </testcase> <!-- VerifyQuickSearchByAuthor -->
  <testcase classname="com.test.Search_Test" name="VerifyQuickSearchByISBN" time="0.0">
    <skipped/>
  </testcase> <!-- VerifyQuickSearchByISBN -->
  <testcase classname="com.test.Search_Test" name="VerifyQuickSearchByTitle" time="0.0">
    <skipped/>
  </testcase> <!-- VerifyQuickSearchByTitle -->
  <testcase classname="com.test.Search_Test" name="VerifySearchByIsbn" time="0.0">
    <skipped/>
  </testcase> <!-- VerifySearchByIsbn -->
  <testcase classname="com.test.Search_Test" name="VerifySeriesSearch" time="0.0">
    <skipped/>
  </testcase> <!-- VerifySeriesSearch -->
  <testcase classname="com.test.Search_Test" name="verifyKeywordFieldsDisabled" time="0.0">
    <skipped/>
  </testcase> <!-- verifyKeywordFieldsDisabled -->
  <testcase classname="com.test.Search_Test" name="verifyMultipleTitlesAdvSearch" time="0.0">
    <skipped/>
  </testcase> <!-- verifyMultipleTitlesAdvSearch -->
  <testcase classname="com.test.Search_Test" name="verifyMultipleTitlesLeftPanel" time="0.0">
    <skipped/>
  </testcase> <!-- verifyMultipleTitlesLeftPanel -->
  <testcase classname="com.test.Search_Test" name="verifySpecificTitleLeftPanel" time="0.0">
    <skipped/>
  </testcase> <!-- verifySpecificTitleLeftPanel -->
  <testcase classname="com.test.Search_Test" name="verifySpecificTitleSearch" time="0.0">
    <skipped/>
  </testcase> <!-- verifySpecificTitleSearch -->
</testsuite> <!-- Test -->
